<?xml version="1.0" encoding="UTF-8"?>
<!-- Generated by org.testng.reporters.JUnitReportReporter -->
<testsuite hostname="LAPTOP-GO0H0EAB" failures="0" tests="1" name="com.fb.login.TC003" time="6.880" errors="0" timestamp="2021-09-04T14:58:10 IST" skipped="0">
  <testcase classname="com.fb.login.TC003" name="tc001" time="6.880"/>
  <system-out>
    <![CDATA[https://en-gb.facebook.com/ is displayed
Facebook – log in or sign up is displayed]]>
  </system-out>
</testsuite> <!-- com.fb.login.TC003 -->
