<?xml version="1.0" encoding="UTF-8"?>
<!-- Generated by org.testng.reporters.JUnitReportReporter -->
<testsuite hostname="LAPTOP-GO0H0EAB" failures="0" tests="1" name="com.fb.login.TC001" time="8.878" errors="0" timestamp="2021-09-04T14:52:03 IST" skipped="0">
  <testcase classname="com.fb.login.TC001" name="tc001" time="8.878"/>
  <system-out>
    <![CDATA[https://en-gb.facebook.com/ is displayed
Facebook – log in or sign up is displayed]]>
  </system-out>
</testsuite> <!-- com.fb.login.TC001 -->
